<?xml version="1.0" encoding="UTF-8"?>
<!-- Generated by org.testng.reporters.JUnitReportReporter -->
<testsuite hostname="LAPTOP-2FQAGHCU" failures="0" tests="1" name="com.practice.testcases.AddCustomerTest" time="0.607" errors="0" timestamp="2020-03-01T19:30:53 IST" skipped="0">
  <testcase classname="com.practice.testcases.AddCustomerTest" name="addCustomerTest" time="0.607"/>
  <system-out>
This test has successfully run <a href = C:\Users\himun\eclipse-workspace\phase1\target\surefire-reports\html\Sun_Mar_01_19_30_40_IST_2020.jpg>Click Here</a>  </system-out>
</testsuite> <!-- com.practice.testcases.AddCustomerTest -->
